Determining if the pthread_create exist failed with the following output:
Change Dir: /home/myerdc18/gazebo_testbed/gazebo/plugins/build/CMakeFiles/CMakeTmp

Run Build Command:"/usr/bin/make" "cmTC_73993/fast"
/usr/bin/make -f CMakeFiles/cmTC_73993.dir/build.make CMakeFiles/cmTC_73993.dir/build
make[1]: Entering directory '/home/myerdc18/gazebo_testbed/gazebo/plugins/build/CMakeFiles/CMakeTmp'
Building C object CMakeFiles/cmTC_73993.dir/CheckSymbolExists.c.o
/usr/bin/cc    -o CMakeFiles/cmTC_73993.dir/CheckSymbolExists.c.o   -c /home/myerdc18/gazebo_testbed/gazebo/plugins/build/CMakeFiles/CMakeTmp/CheckSymbolExists.c
Linking C executable cmTC_73993
/usr/bin/cmake -E cmake_link_script CMakeFiles/cmTC_73993.dir/link.txt --verbose=1
/usr/bin/cc      -rdynamic CMakeFiles/cmTC_73993.dir/CheckSymbolExists.c.o  -o cmTC_73993 
CMakeFiles/cmTC_73993.dir/CheckSymbolExists.c.o: In function `main':
CheckSymbolExists.c:(.text+0x1b): undefined reference to `pthread_create'
collect2: error: ld returned 1 exit status
CMakeFiles/cmTC_73993.dir/build.make:97: recipe for target 'cmTC_73993' failed
make[1]: *** [cmTC_73993] Error 1
make[1]: Leaving directory '/home/myerdc18/gazebo_testbed/gazebo/plugins/build/CMakeFiles/CMakeTmp'
Makefile:126: recipe for target 'cmTC_73993/fast' failed
make: *** [cmTC_73993/fast] Error 2

File /home/myerdc18/gazebo_testbed/gazebo/plugins/build/CMakeFiles/CMakeTmp/CheckSymbolExists.c:
/* */
#include <pthread.h>

int main(int argc, char** argv)
{
  (void)argv;
#ifndef pthread_create
  return ((int*)(&pthread_create))[argc];
#else
  (void)argc;
  return 0;
#endif
}

Determining if the function pthread_create exists in the pthreads failed with the following output:
Change Dir: /home/myerdc18/gazebo_testbed/gazebo/plugins/build/CMakeFiles/CMakeTmp

Run Build Command:"/usr/bin/make" "cmTC_43495/fast"
/usr/bin/make -f CMakeFiles/cmTC_43495.dir/build.make CMakeFiles/cmTC_43495.dir/build
make[1]: Entering directory '/home/myerdc18/gazebo_testbed/gazebo/plugins/build/CMakeFiles/CMakeTmp'
Building C object CMakeFiles/cmTC_43495.dir/CheckFunctionExists.c.o
/usr/bin/cc   -DCHECK_FUNCTION_EXISTS=pthread_create   -o CMakeFiles/cmTC_43495.dir/CheckFunctionExists.c.o   -c /usr/share/cmake-3.10/Modules/CheckFunctionExists.c
Linking C executable cmTC_43495
/usr/bin/cmake -E cmake_link_script CMakeFiles/cmTC_43495.dir/link.txt --verbose=1
/usr/bin/cc  -DCHECK_FUNCTION_EXISTS=pthread_create    -rdynamic CMakeFiles/cmTC_43495.dir/CheckFunctionExists.c.o  -o cmTC_43495 -lpthreads 
/usr/bin/ld: cannot find -lpthreads
collect2: error: ld returned 1 exit status
CMakeFiles/cmTC_43495.dir/build.make:97: recipe for target 'cmTC_43495' failed
make[1]: *** [cmTC_43495] Error 1
make[1]: Leaving directory '/home/myerdc18/gazebo_testbed/gazebo/plugins/build/CMakeFiles/CMakeTmp'
Makefile:126: recipe for target 'cmTC_43495/fast' failed
make: *** [cmTC_43495/fast] Error 2


